<?xml version="1.0" encoding="UTF-8"?>
<coverage generated="1676312757986" clover="3.2.0">
  <project timestamp="1676312757986" name="All files">
    <metrics statements="106" coveredstatements="100" conditionals="57" coveredconditionals="53" methods="14" coveredmethods="14" elements="177" coveredelements="167" complexity="0" loc="106" ncloc="106" packages="2" files="6" classes="6"/>
    <package name="src">
      <metrics statements="52" coveredstatements="50" conditionals="19" coveredconditionals="18" methods="6" coveredmethods="6"/>
      <file name="diffTree.js" path="/Users/dmitry_nesterov/frontend-project-46/src/diffTree.js">
        <metrics statements="22" coveredstatements="22" conditionals="11" coveredconditionals="11" methods="1" coveredmethods="1"/>
        <line num="1" count="1" type="stmt"/>
        <line num="2" count="1" type="stmt"/>
        <line num="3" count="1" type="cond" truecount="1" falsecount="0"/>
        <line num="4" count="40" type="stmt"/>
        <line num="5" count="40" type="stmt"/>
        <line num="6" count="40" type="stmt"/>
        <line num="7" count="40" type="stmt"/>
        <line num="8" count="40" type="cond" truecount="1" falsecount="0"/>
        <line num="9" count="144" type="cond" truecount="2" falsecount="0"/>
        <line num="10" count="144" type="cond" truecount="2" falsecount="0"/>
        <line num="11" count="144" type="cond" truecount="3" falsecount="0"/>
        <line num="12" count="144" type="cond" truecount="1" falsecount="0"/>
        <line num="13" count="32" type="stmt"/>
        <line num="14" count="32" type="stmt"/>
        <line num="15" count="32" type="stmt"/>
        <line num="16" count="32" type="stmt"/>
        <line num="17" count="32" type="stmt"/>
        <line num="18" count="32" type="stmt"/>
        <line num="19" count="32" type="cond" truecount="1" falsecount="0"/>
        <line num="20" count="24" type="stmt"/>
        <line num="21" count="40" type="stmt"/>
        <line num="22" count="40" type="stmt"/>
      </file>
      <file name="index.js" path="/Users/dmitry_nesterov/frontend-project-46/src/index.js">
        <metrics statements="22" coveredstatements="22" conditionals="4" coveredconditionals="4" methods="4" coveredmethods="4"/>
        <line num="1" count="1" type="stmt"/>
        <line num="2" count="1" type="stmt"/>
        <line num="3" count="1" type="stmt"/>
        <line num="4" count="1" type="stmt"/>
        <line num="5" count="1" type="stmt"/>
        <line num="6" count="1" type="stmt"/>
        <line num="7" count="1" type="cond" truecount="1" falsecount="0"/>
        <line num="8" count="1" type="stmt"/>
        <line num="9" count="1" type="cond" truecount="1" falsecount="0"/>
        <line num="10" count="1" type="stmt"/>
        <line num="11" count="1" type="cond" truecount="1" falsecount="0"/>
        <line num="12" count="16" type="stmt"/>
        <line num="13" count="16" type="stmt"/>
        <line num="14" count="16" type="stmt"/>
        <line num="15" count="16" type="stmt"/>
        <line num="16" count="1" type="stmt"/>
        <line num="17" count="1" type="cond" truecount="1" falsecount="0"/>
        <line num="18" count="8" type="stmt"/>
        <line num="19" count="8" type="stmt"/>
        <line num="20" count="8" type="stmt"/>
        <line num="21" count="8" type="stmt"/>
        <line num="22" count="8" type="stmt"/>
      </file>
      <file name="parsers.js" path="/Users/dmitry_nesterov/frontend-project-46/src/parsers.js">
        <metrics statements="8" coveredstatements="6" conditionals="4" coveredconditionals="3" methods="1" coveredmethods="1"/>
        <line num="1" count="1" type="stmt"/>
        <line num="2" count="1" type="stmt"/>
        <line num="3" count="1" type="stmt"/>
        <line num="4" count="1" type="cond" truecount="1" falsecount="0"/>
        <line num="5" count="16" type="cond" truecount="2" falsecount="0"/>
        <line num="6" count="8" type="cond" truecount="0" falsecount="1"/>
        <line num="7" count="0" type="stmt"/>
        <line num="8" count="0" type="stmt"/>
      </file>
    </package>
    <package name="src.formatters">
      <metrics statements="54" coveredstatements="50" conditionals="38" coveredconditionals="35" methods="8" coveredmethods="8"/>
      <file name="index.js" path="/Users/dmitry_nesterov/frontend-project-46/src/formatters/index.js">
        <metrics statements="9" coveredstatements="7" conditionals="4" coveredconditionals="3" methods="1" coveredmethods="1"/>
        <line num="1" count="1" type="stmt"/>
        <line num="2" count="1" type="stmt"/>
        <line num="3" count="1" type="stmt"/>
        <line num="4" count="1" type="cond" truecount="1" falsecount="0"/>
        <line num="5" count="8" type="cond" truecount="1" falsecount="0"/>
        <line num="6" count="8" type="cond" truecount="1" falsecount="0"/>
        <line num="7" count="2" type="cond" truecount="0" falsecount="1"/>
        <line num="8" count="0" type="stmt"/>
        <line num="9" count="0" type="stmt"/>
      </file>
      <file name="plain.js" path="/Users/dmitry_nesterov/frontend-project-46/src/formatters/plain.js">
        <metrics statements="20" coveredstatements="19" conditionals="17" coveredconditionals="16" methods="3" coveredmethods="3"/>
        <line num="1" count="1" type="stmt"/>
        <line num="2" count="1" type="stmt"/>
        <line num="3" count="1" type="stmt"/>
        <line num="4" count="1" type="cond" truecount="1" falsecount="0"/>
        <line num="5" count="26" type="cond" truecount="2" falsecount="0"/>
        <line num="6" count="26" type="cond" truecount="2" falsecount="0"/>
        <line num="7" count="6" type="stmt"/>
        <line num="8" count="6" type="stmt"/>
        <line num="9" count="1" type="stmt"/>
        <line num="10" count="1" type="cond" truecount="2" falsecount="0"/>
        <line num="11" count="36" type="stmt"/>
        <line num="12" count="36" type="cond" truecount="2" falsecount="0"/>
        <line num="13" count="36" type="cond" truecount="2" falsecount="0"/>
        <line num="14" count="36" type="cond" truecount="2" falsecount="0"/>
        <line num="15" count="36" type="cond" truecount="2" falsecount="0"/>
        <line num="16" count="6" type="cond" truecount="0" falsecount="1"/>
        <line num="17" count="0" type="stmt"/>
        <line num="18" count="1" type="stmt"/>
        <line num="19" count="1" type="stmt"/>
        <line num="20" count="1" type="cond" truecount="1" falsecount="0"/>
      </file>
      <file name="stylish.js" path="/Users/dmitry_nesterov/frontend-project-46/src/formatters/stylish.js">
        <metrics statements="25" coveredstatements="24" conditionals="17" coveredconditionals="16" methods="4" coveredmethods="4"/>
        <line num="1" count="1" type="stmt"/>
        <line num="2" count="1" type="stmt"/>
        <line num="3" count="1" type="cond" truecount="1" falsecount="0"/>
        <line num="4" count="1" type="stmt"/>
        <line num="5" count="1" type="cond" truecount="1" falsecount="0"/>
        <line num="6" count="108" type="cond" truecount="2" falsecount="0"/>
        <line num="7" count="28" type="stmt"/>
        <line num="8" count="28" type="cond" truecount="1" falsecount="0"/>
        <line num="9" count="28" type="stmt"/>
        <line num="10" count="28" type="stmt"/>
        <line num="11" count="1" type="stmt"/>
        <line num="12" count="1" type="cond" truecount="2" falsecount="0"/>
        <line num="13" count="72" type="cond" truecount="2" falsecount="0"/>
        <line num="14" count="72" type="cond" truecount="2" falsecount="0"/>
        <line num="15" count="72" type="cond" truecount="2" falsecount="0"/>
        <line num="16" count="72" type="cond" truecount="1" falsecount="0"/>
        <line num="17" count="16" type="stmt"/>
        <line num="18" count="16" type="stmt"/>
        <line num="19" count="16" type="stmt"/>
        <line num="20" count="16" type="cond" truecount="1" falsecount="0"/>
        <line num="21" count="12" type="cond" truecount="0" falsecount="1"/>
        <line num="22" count="0" type="stmt"/>
        <line num="23" count="1" type="stmt"/>
        <line num="24" count="1" type="stmt"/>
        <line num="25" count="1" type="cond" truecount="1" falsecount="0"/>
      </file>
    </package>
  </project>
</coverage>
