{"/Users/dmitry_nesterov/frontend-project-46/src/diffTree.js": {"path":"/Users/dmitry_nesterov/frontend-project-46/src/diffTree.js","all":false,"statementMap":{"0":{"start":{"line":1,"column":0},"end":{"line":1,"column":23}},"1":{"start":{"line":2,"column":0},"end":{"line":2,"column":0}},"2":{"start":{"line":3,"column":0},"end":{"line":3,"column":43}},"3":{"start":{"line":4,"column":0},"end":{"line":4,"column":37}},"4":{"start":{"line":5,"column":0},"end":{"line":5,"column":37}},"5":{"start":{"line":6,"column":0},"end":{"line":6,"column":49}},"6":{"start":{"line":7,"column":0},"end":{"line":7,"column":0}},"7":{"start":{"line":8,"column":0},"end":{"line":8,"column":30}},"8":{"start":{"line":9,"column":0},"end":{"line":9,"column":89}},"9":{"start":{"line":10,"column":0},"end":{"line":10,"column":91}},"10":{"start":{"line":11,"column":0},"end":{"line":11,"column":147}},"11":{"start":{"line":12,"column":0},"end":{"line":12,"column":49}},"12":{"start":{"line":13,"column":0},"end":{"line":13,"column":20}},"13":{"start":{"line":14,"column":0},"end":{"line":14,"column":28}},"14":{"start":{"line":15,"column":0},"end":{"line":15,"column":16}},"15":{"start":{"line":16,"column":0},"end":{"line":16,"column":31}},"16":{"start":{"line":17,"column":0},"end":{"line":17,"column":31}},"17":{"start":{"line":18,"column":0},"end":{"line":18,"column":14}},"18":{"start":{"line":19,"column":0},"end":{"line":19,"column":9}},"19":{"start":{"line":20,"column":0},"end":{"line":20,"column":61}},"20":{"start":{"line":21,"column":0},"end":{"line":21,"column":7}},"21":{"start":{"line":22,"column":0},"end":{"line":22,"column":2}}},"s":{"0":1,"1":1,"2":1,"3":40,"4":40,"5":40,"6":40,"7":40,"8":144,"9":144,"10":144,"11":144,"12":32,"13":32,"14":32,"15":32,"16":32,"17":32,"18":32,"19":24,"20":40,"21":40},"branchMap":{"0":{"type":"branch","line":3,"loc":{"start":{"line":3,"column":24},"end":{"line":22,"column":2}},"locations":[{"start":{"line":3,"column":24},"end":{"line":22,"column":2}}]},"1":{"type":"branch","line":8,"loc":{"start":{"line":8,"column":21},"end":{"line":21,"column":5}},"locations":[{"start":{"line":8,"column":21},"end":{"line":21,"column":5}}]},"2":{"type":"branch","line":9,"loc":{"start":{"line":9,"column":40},"end":{"line":9,"column":89}},"locations":[{"start":{"line":9,"column":40},"end":{"line":9,"column":89}}]},"3":{"type":"branch","line":9,"loc":{"start":{"line":9,"column":88},"end":{"line":10,"column":40}},"locations":[{"start":{"line":9,"column":88},"end":{"line":10,"column":40}}]},"4":{"type":"branch","line":10,"loc":{"start":{"line":10,"column":40},"end":{"line":10,"column":91}},"locations":[{"start":{"line":10,"column":40},"end":{"line":10,"column":91}}]},"5":{"type":"branch","line":10,"loc":{"start":{"line":10,"column":90},"end":{"line":11,"column":43}},"locations":[{"start":{"line":10,"column":90},"end":{"line":11,"column":43}}]},"6":{"type":"branch","line":11,"loc":{"start":{"line":11,"column":39},"end":{"line":11,"column":70}},"locations":[{"start":{"line":11,"column":39},"end":{"line":11,"column":70}}]},"7":{"type":"branch","line":11,"loc":{"start":{"line":11,"column":72},"end":{"line":11,"column":147}},"locations":[{"start":{"line":11,"column":72},"end":{"line":11,"column":147}}]},"8":{"type":"branch","line":11,"loc":{"start":{"line":11,"column":146},"end":{"line":12,"column":48}},"locations":[{"start":{"line":11,"column":146},"end":{"line":12,"column":48}}]},"9":{"type":"branch","line":12,"loc":{"start":{"line":12,"column":48},"end":{"line":19,"column":9}},"locations":[{"start":{"line":12,"column":48},"end":{"line":19,"column":9}}]},"10":{"type":"branch","line":19,"loc":{"start":{"line":19,"column":8},"end":{"line":21,"column":5}},"locations":[{"start":{"line":19,"column":8},"end":{"line":21,"column":5}}]}},"b":{"0":[40],"1":[144],"2":[40],"3":[104],"4":[16],"5":[88],"6":[40],"7":[32],"8":[56],"9":[32],"10":[24]},"fnMap":{"0":{"name":"diffTree","decl":{"start":{"line":3,"column":24},"end":{"line":22,"column":2}},"loc":{"start":{"line":3,"column":24},"end":{"line":22,"column":2}},"line":3}},"f":{"0":40}}
,"/Users/dmitry_nesterov/frontend-project-46/src/index.js": {"path":"/Users/dmitry_nesterov/frontend-project-46/src/index.js","all":false,"statementMap":{"0":{"start":{"line":1,"column":0},"end":{"line":1,"column":39}},"1":{"start":{"line":2,"column":0},"end":{"line":2,"column":24}},"2":{"start":{"line":3,"column":0},"end":{"line":3,"column":37}},"3":{"start":{"line":4,"column":0},"end":{"line":4,"column":51}},"4":{"start":{"line":5,"column":0},"end":{"line":5,"column":41}},"5":{"start":{"line":6,"column":0},"end":{"line":6,"column":0}},"6":{"start":{"line":7,"column":0},"end":{"line":7,"column":77}},"7":{"start":{"line":8,"column":0},"end":{"line":8,"column":0}},"8":{"start":{"line":9,"column":0},"end":{"line":9,"column":68}},"9":{"start":{"line":10,"column":0},"end":{"line":10,"column":0}},"10":{"start":{"line":11,"column":0},"end":{"line":11,"column":32}},"11":{"start":{"line":12,"column":0},"end":{"line":12,"column":58}},"12":{"start":{"line":13,"column":0},"end":{"line":13,"column":40}},"13":{"start":{"line":14,"column":0},"end":{"line":14,"column":28}},"14":{"start":{"line":15,"column":0},"end":{"line":15,"column":2}},"15":{"start":{"line":16,"column":0},"end":{"line":16,"column":0}},"16":{"start":{"line":17,"column":0},"end":{"line":17,"column":73}},"17":{"start":{"line":18,"column":0},"end":{"line":18,"column":38}},"18":{"start":{"line":19,"column":0},"end":{"line":19,"column":38}},"19":{"start":{"line":20,"column":0},"end":{"line":20,"column":40}},"20":{"start":{"line":21,"column":0},"end":{"line":21,"column":39}},"21":{"start":{"line":22,"column":0},"end":{"line":22,"column":2}}},"s":{"0":1,"1":1,"2":1,"3":1,"4":1,"5":1,"6":1,"7":1,"8":1,"9":1,"10":1,"11":16,"12":16,"13":16,"14":16,"15":1,"16":1,"17":8,"18":8,"19":8,"20":8,"21":8},"branchMap":{"0":{"type":"branch","line":7,"loc":{"start":{"line":7,"column":26},"end":{"line":7,"column":76}},"locations":[{"start":{"line":7,"column":26},"end":{"line":7,"column":76}}]},"1":{"type":"branch","line":9,"loc":{"start":{"line":9,"column":23},"end":{"line":9,"column":67}},"locations":[{"start":{"line":9,"column":23},"end":{"line":9,"column":67}}]},"2":{"type":"branch","line":11,"loc":{"start":{"line":11,"column":18},"end":{"line":15,"column":2}},"locations":[{"start":{"line":11,"column":18},"end":{"line":15,"column":2}}]},"3":{"type":"branch","line":17,"loc":{"start":{"line":17,"column":23},"end":{"line":22,"column":2}},"locations":[{"start":{"line":17,"column":23},"end":{"line":22,"column":2}}]}},"b":{"0":[16],"1":[16],"2":[16],"3":[8]},"fnMap":{"0":{"name":"makeAbsolutePath","decl":{"start":{"line":7,"column":26},"end":{"line":7,"column":76}},"loc":{"start":{"line":7,"column":26},"end":{"line":7,"column":76}},"line":7},"1":{"name":"fileExtension","decl":{"start":{"line":9,"column":23},"end":{"line":9,"column":67}},"loc":{"start":{"line":9,"column":23},"end":{"line":9,"column":67}},"line":9},"2":{"name":"readFile","decl":{"start":{"line":11,"column":18},"end":{"line":15,"column":2}},"loc":{"start":{"line":11,"column":18},"end":{"line":15,"column":2}},"line":11},"3":{"name":"genDiff","decl":{"start":{"line":17,"column":23},"end":{"line":22,"column":2}},"loc":{"start":{"line":17,"column":23},"end":{"line":22,"column":2}},"line":17}},"f":{"0":16,"1":16,"2":16,"3":8}}
,"/Users/dmitry_nesterov/frontend-project-46/src/parsers.js": {"path":"/Users/dmitry_nesterov/frontend-project-46/src/parsers.js","all":false,"statementMap":{"0":{"start":{"line":1,"column":0},"end":{"line":1,"column":0}},"1":{"start":{"line":2,"column":0},"end":{"line":2,"column":27}},"2":{"start":{"line":3,"column":0},"end":{"line":3,"column":0}},"3":{"start":{"line":4,"column":0},"end":{"line":4,"column":37}},"4":{"start":{"line":5,"column":0},"end":{"line":5,"column":64}},"5":{"start":{"line":6,"column":0},"end":{"line":6,"column":48}},"6":{"start":{"line":7,"column":0},"end":{"line":7,"column":55}},"7":{"start":{"line":8,"column":0},"end":{"line":8,"column":2}}},"s":{"0":1,"1":1,"2":1,"3":1,"4":16,"5":8,"6":0,"7":0},"branchMap":{"0":{"type":"branch","line":4,"loc":{"start":{"line":4,"column":21},"end":{"line":8,"column":2}},"locations":[{"start":{"line":4,"column":21},"end":{"line":8,"column":2}}]},"1":{"type":"branch","line":5,"loc":{"start":{"line":5,"column":21},"end":{"line":5,"column":39}},"locations":[{"start":{"line":5,"column":21},"end":{"line":5,"column":39}}]},"2":{"type":"branch","line":5,"loc":{"start":{"line":5,"column":41},"end":{"line":6,"column":48}},"locations":[{"start":{"line":5,"column":41},"end":{"line":6,"column":48}}]},"3":{"type":"branch","line":6,"loc":{"start":{"line":6,"column":47},"end":{"line":8,"column":2}},"locations":[{"start":{"line":6,"column":47},"end":{"line":8,"column":2}}]}},"b":{"0":[16],"1":[8],"2":[8],"3":[0]},"fnMap":{"0":{"name":"parse","decl":{"start":{"line":4,"column":21},"end":{"line":8,"column":2}},"loc":{"start":{"line":4,"column":21},"end":{"line":8,"column":2}},"line":4}},"f":{"0":16}}
,"/Users/dmitry_nesterov/frontend-project-46/src/formatters/index.js": {"path":"/Users/dmitry_nesterov/frontend-project-46/src/formatters/index.js","all":false,"statementMap":{"0":{"start":{"line":1,"column":0},"end":{"line":1,"column":41}},"1":{"start":{"line":2,"column":0},"end":{"line":2,"column":45}},"2":{"start":{"line":3,"column":0},"end":{"line":3,"column":0}},"3":{"start":{"line":4,"column":0},"end":{"line":4,"column":48}},"4":{"start":{"line":5,"column":0},"end":{"line":5,"column":59}},"5":{"start":{"line":6,"column":0},"end":{"line":6,"column":55}},"6":{"start":{"line":7,"column":0},"end":{"line":7,"column":57}},"7":{"start":{"line":8,"column":0},"end":{"line":8,"column":53}},"8":{"start":{"line":9,"column":0},"end":{"line":9,"column":2}}},"s":{"0":1,"1":1,"2":1,"3":1,"4":8,"5":8,"6":2,"7":0,"8":0},"branchMap":{"0":{"type":"branch","line":4,"loc":{"start":{"line":4,"column":26},"end":{"line":9,"column":2}},"locations":[{"start":{"line":4,"column":26},"end":{"line":9,"column":2}}]},"1":{"type":"branch","line":5,"loc":{"start":{"line":5,"column":32},"end":{"line":6,"column":30}},"locations":[{"start":{"line":5,"column":32},"end":{"line":6,"column":30}}]},"2":{"type":"branch","line":6,"loc":{"start":{"line":6,"column":30},"end":{"line":7,"column":57}},"locations":[{"start":{"line":6,"column":30},"end":{"line":7,"column":57}}]},"3":{"type":"branch","line":7,"loc":{"start":{"line":7,"column":56},"end":{"line":9,"column":2}},"locations":[{"start":{"line":7,"column":56},"end":{"line":9,"column":2}}]}},"b":{"0":[8],"1":[4],"2":[2],"3":[0]},"fnMap":{"0":{"name":"formatData","decl":{"start":{"line":4,"column":26},"end":{"line":9,"column":2}},"loc":{"start":{"line":4,"column":26},"end":{"line":9,"column":2}},"line":4}},"f":{"0":8}}
,"/Users/dmitry_nesterov/frontend-project-46/src/formatters/plain.js": {"path":"/Users/dmitry_nesterov/frontend-project-46/src/formatters/plain.js","all":false,"statementMap":{"0":{"start":{"line":1,"column":0},"end":{"line":1,"column":0}},"1":{"start":{"line":2,"column":0},"end":{"line":2,"column":23}},"2":{"start":{"line":3,"column":0},"end":{"line":3,"column":0}},"3":{"start":{"line":4,"column":0},"end":{"line":4,"column":30}},"4":{"start":{"line":5,"column":0},"end":{"line":5,"column":52}},"5":{"start":{"line":6,"column":0},"end":{"line":6,"column":55}},"6":{"start":{"line":7,"column":0},"end":{"line":7,"column":17}},"7":{"start":{"line":8,"column":0},"end":{"line":8,"column":2}},"8":{"start":{"line":9,"column":0},"end":{"line":9,"column":0}},"9":{"start":{"line":10,"column":0},"end":{"line":10,"column":53}},"10":{"start":{"line":11,"column":0},"end":{"line":11,"column":45}},"11":{"start":{"line":12,"column":0},"end":{"line":12,"column":73}},"12":{"start":{"line":13,"column":0},"end":{"line":13,"column":124}},"13":{"start":{"line":14,"column":0},"end":{"line":14,"column":91}},"14":{"start":{"line":15,"column":0},"end":{"line":15,"column":152}},"15":{"start":{"line":16,"column":0},"end":{"line":16,"column":45}},"16":{"start":{"line":17,"column":0},"end":{"line":17,"column":51}},"17":{"start":{"line":18,"column":0},"end":{"line":18,"column":3}},"18":{"start":{"line":19,"column":0},"end":{"line":19,"column":0}},"19":{"start":{"line":20,"column":0},"end":{"line":20,"column":68}}},"s":{"0":1,"1":1,"2":1,"3":1,"4":26,"5":26,"6":6,"7":6,"8":1,"9":1,"10":36,"11":36,"12":36,"13":36,"14":36,"15":6,"16":0,"17":1,"18":1,"19":1},"branchMap":{"0":{"type":"branch","line":4,"loc":{"start":{"line":4,"column":19},"end":{"line":8,"column":2}},"locations":[{"start":{"line":4,"column":19},"end":{"line":8,"column":2}}]},"1":{"type":"branch","line":5,"loc":{"start":{"line":5,"column":27},"end":{"line":5,"column":52}},"locations":[{"start":{"line":5,"column":27},"end":{"line":5,"column":52}}]},"2":{"type":"branch","line":5,"loc":{"start":{"line":5,"column":51},"end":{"line":6,"column":35}},"locations":[{"start":{"line":5,"column":51},"end":{"line":6,"column":35}}]},"3":{"type":"branch","line":6,"loc":{"start":{"line":6,"column":35},"end":{"line":6,"column":55}},"locations":[{"start":{"line":6,"column":35},"end":{"line":6,"column":55}}]},"4":{"type":"branch","line":6,"loc":{"start":{"line":6,"column":54},"end":{"line":8,"column":2}},"locations":[{"start":{"line":6,"column":54},"end":{"line":8,"column":2}}]},"5":{"type":"branch","line":10,"loc":{"start":{"line":10,"column":13},"end":{"line":18,"column":2}},"locations":[{"start":{"line":10,"column":13},"end":{"line":18,"column":2}}]},"6":{"type":"branch","line":10,"loc":{"start":{"line":10,"column":43},"end":{"line":18,"column":2}},"locations":[{"start":{"line":10,"column":43},"end":{"line":18,"column":2}}]},"7":{"type":"branch","line":12,"loc":{"start":{"line":12,"column":32},"end":{"line":12,"column":73}},"locations":[{"start":{"line":12,"column":32},"end":{"line":12,"column":73}}]},"8":{"type":"branch","line":12,"loc":{"start":{"line":12,"column":72},"end":{"line":13,"column":31}},"locations":[{"start":{"line":12,"column":72},"end":{"line":13,"column":31}}]},"9":{"type":"branch","line":13,"loc":{"start":{"line":13,"column":31},"end":{"line":13,"column":124}},"locations":[{"start":{"line":13,"column":31},"end":{"line":13,"column":124}}]},"10":{"type":"branch","line":13,"loc":{"start":{"line":13,"column":123},"end":{"line":14,"column":33}},"locations":[{"start":{"line":13,"column":123},"end":{"line":14,"column":33}}]},"11":{"type":"branch","line":14,"loc":{"start":{"line":14,"column":33},"end":{"line":14,"column":91}},"locations":[{"start":{"line":14,"column":33},"end":{"line":14,"column":91}}]},"12":{"type":"branch","line":14,"loc":{"start":{"line":14,"column":90},"end":{"line":15,"column":33}},"locations":[{"start":{"line":14,"column":90},"end":{"line":15,"column":33}}]},"13":{"type":"branch","line":15,"loc":{"start":{"line":15,"column":33},"end":{"line":15,"column":152}},"locations":[{"start":{"line":15,"column":33},"end":{"line":15,"column":152}}]},"14":{"type":"branch","line":15,"loc":{"start":{"line":15,"column":151},"end":{"line":16,"column":45}},"locations":[{"start":{"line":15,"column":151},"end":{"line":16,"column":45}}]},"15":{"type":"branch","line":16,"loc":{"start":{"line":16,"column":44},"end":{"line":18,"column":2}},"locations":[{"start":{"line":16,"column":44},"end":{"line":18,"column":2}}]},"16":{"type":"branch","line":20,"loc":{"start":{"line":20,"column":28},"end":{"line":20,"column":67}},"locations":[{"start":{"line":20,"column":28},"end":{"line":20,"column":67}}]}},"b":{"0":[26],"1":[6],"2":[20],"3":[14],"4":[6],"5":[10],"6":[36],"7":[8],"8":[28],"9":[10],"10":[18],"11":[4],"12":[14],"13":[8],"14":[6],"15":[0],"16":[2]},"fnMap":{"0":{"name":"stringify","decl":{"start":{"line":4,"column":19},"end":{"line":8,"column":2}},"loc":{"start":{"line":4,"column":19},"end":{"line":8,"column":2}},"line":4},"1":{"name":"iter","decl":{"start":{"line":10,"column":13},"end":{"line":18,"column":2}},"loc":{"start":{"line":10,"column":13},"end":{"line":18,"column":2}},"line":10},"2":{"name":"formatPlain","decl":{"start":{"line":20,"column":28},"end":{"line":20,"column":67}},"loc":{"start":{"line":20,"column":28},"end":{"line":20,"column":67}},"line":20}},"f":{"0":26,"1":10,"2":2}}
,"/Users/dmitry_nesterov/frontend-project-46/src/formatters/stylish.js": {"path":"/Users/dmitry_nesterov/frontend-project-46/src/formatters/stylish.js","all":false,"statementMap":{"0":{"start":{"line":1,"column":0},"end":{"line":1,"column":23}},"1":{"start":{"line":2,"column":0},"end":{"line":2,"column":0}},"2":{"start":{"line":3,"column":0},"end":{"line":3,"column":63}},"3":{"start":{"line":4,"column":0},"end":{"line":4,"column":0}},"4":{"start":{"line":5,"column":0},"end":{"line":5,"column":41}},"5":{"start":{"line":6,"column":0},"end":{"line":6,"column":49}},"6":{"start":{"line":7,"column":0},"end":{"line":7,"column":36}},"7":{"start":{"line":8,"column":0},"end":{"line":8,"column":106}},"8":{"start":{"line":9,"column":0},"end":{"line":9,"column":58}},"9":{"start":{"line":10,"column":0},"end":{"line":10,"column":2}},"10":{"start":{"line":11,"column":0},"end":{"line":11,"column":0}},"11":{"start":{"line":12,"column":0},"end":{"line":12,"column":54}},"12":{"start":{"line":13,"column":0},"end":{"line":13,"column":130}},"13":{"start":{"line":14,"column":0},"end":{"line":14,"column":105}},"14":{"start":{"line":15,"column":0},"end":{"line":15,"column":103}},"15":{"start":{"line":16,"column":0},"end":{"line":16,"column":34}},"16":{"start":{"line":17,"column":0},"end":{"line":17,"column":90}},"17":{"start":{"line":18,"column":0},"end":{"line":18,"column":90}},"18":{"start":{"line":19,"column":0},"end":{"line":19,"column":40}},"19":{"start":{"line":20,"column":0},"end":{"line":20,"column":5}},"20":{"start":{"line":21,"column":0},"end":{"line":21,"column":107}},"21":{"start":{"line":22,"column":0},"end":{"line":22,"column":51}},"22":{"start":{"line":23,"column":0},"end":{"line":23,"column":14}},"23":{"start":{"line":24,"column":0},"end":{"line":24,"column":0}},"24":{"start":{"line":25,"column":0},"end":{"line":25,"column":61}}},"s":{"0":1,"1":1,"2":1,"3":1,"4":1,"5":108,"6":28,"7":28,"8":28,"9":28,"10":1,"11":1,"12":72,"13":72,"14":72,"15":72,"16":16,"17":16,"18":16,"19":16,"20":12,"21":0,"22":1,"23":1,"24":1},"branchMap":{"0":{"type":"branch","line":3,"loc":{"start":{"line":3,"column":15},"end":{"line":3,"column":62}},"locations":[{"start":{"line":3,"column":15},"end":{"line":3,"column":62}}]},"1":{"type":"branch","line":5,"loc":{"start":{"line":5,"column":18},"end":{"line":10,"column":2}},"locations":[{"start":{"line":5,"column":18},"end":{"line":10,"column":2}}]},"2":{"type":"branch","line":6,"loc":{"start":{"line":6,"column":28},"end":{"line":6,"column":49}},"locations":[{"start":{"line":6,"column":28},"end":{"line":6,"column":49}}]},"3":{"type":"branch","line":6,"loc":{"start":{"line":6,"column":48},"end":{"line":10,"column":2}},"locations":[{"start":{"line":6,"column":48},"end":{"line":10,"column":2}}]},"4":{"type":"branch","line":8,"loc":{"start":{"line":8,"column":29},"end":{"line":8,"column":104}},"locations":[{"start":{"line":8,"column":29},"end":{"line":8,"column":104}}]},"5":{"type":"branch","line":12,"loc":{"start":{"line":12,"column":13},"end":{"line":23,"column":13}},"locations":[{"start":{"line":12,"column":13},"end":{"line":23,"column":13}}]},"6":{"type":"branch","line":12,"loc":{"start":{"line":12,"column":44},"end":{"line":23,"column":2}},"locations":[{"start":{"line":12,"column":44},"end":{"line":23,"column":2}}]},"7":{"type":"branch","line":13,"loc":{"start":{"line":13,"column":32},"end":{"line":13,"column":130}},"locations":[{"start":{"line":13,"column":32},"end":{"line":13,"column":130}}]},"8":{"type":"branch","line":13,"loc":{"start":{"line":13,"column":129},"end":{"line":14,"column":33}},"locations":[{"start":{"line":13,"column":129},"end":{"line":14,"column":33}}]},"9":{"type":"branch","line":14,"loc":{"start":{"line":14,"column":33},"end":{"line":14,"column":105}},"locations":[{"start":{"line":14,"column":33},"end":{"line":14,"column":105}}]},"10":{"type":"branch","line":14,"loc":{"start":{"line":14,"column":104},"end":{"line":15,"column":31}},"locations":[{"start":{"line":14,"column":104},"end":{"line":15,"column":31}}]},"11":{"type":"branch","line":15,"loc":{"start":{"line":15,"column":31},"end":{"line":15,"column":103}},"locations":[{"start":{"line":15,"column":31},"end":{"line":15,"column":103}}]},"12":{"type":"branch","line":15,"loc":{"start":{"line":15,"column":102},"end":{"line":16,"column":33}},"locations":[{"start":{"line":15,"column":102},"end":{"line":16,"column":33}}]},"13":{"type":"branch","line":16,"loc":{"start":{"line":16,"column":33},"end":{"line":20,"column":5}},"locations":[{"start":{"line":16,"column":33},"end":{"line":20,"column":5}}]},"14":{"type":"branch","line":20,"loc":{"start":{"line":20,"column":4},"end":{"line":21,"column":107}},"locations":[{"start":{"line":20,"column":4},"end":{"line":21,"column":107}}]},"15":{"type":"branch","line":21,"loc":{"start":{"line":21,"column":106},"end":{"line":23,"column":2}},"locations":[{"start":{"line":21,"column":106},"end":{"line":23,"column":2}}]},"16":{"type":"branch","line":25,"loc":{"start":{"line":25,"column":30},"end":{"line":25,"column":60}},"locations":[{"start":{"line":25,"column":30},"end":{"line":25,"column":60}}]}},"b":{"0":[168],"1":[108],"2":[80],"3":[28],"4":[36],"5":[20],"6":[72],"7":[16],"8":[56],"9":[8],"10":[48],"11":[20],"12":[28],"13":[16],"14":[12],"15":[0],"16":[4]},"fnMap":{"0":{"name":"indent","decl":{"start":{"line":3,"column":15},"end":{"line":3,"column":62}},"loc":{"start":{"line":3,"column":15},"end":{"line":3,"column":62}},"line":3},"1":{"name":"stringify","decl":{"start":{"line":5,"column":18},"end":{"line":10,"column":2}},"loc":{"start":{"line":5,"column":18},"end":{"line":10,"column":2}},"line":5},"2":{"name":"iter","decl":{"start":{"line":12,"column":13},"end":{"line":23,"column":13}},"loc":{"start":{"line":12,"column":13},"end":{"line":23,"column":13}},"line":12},"3":{"name":"formatStylish","decl":{"start":{"line":25,"column":30},"end":{"line":25,"column":60}},"loc":{"start":{"line":25,"column":30},"end":{"line":25,"column":60}},"line":25}},"f":{"0":168,"1":108,"2":20,"3":4}}
}
