TN:
SF:src/diffTree.js
FN:3,diffTree
FNF:1
FNH:1
FNDA:40,diffTree
DA:1,1
DA:2,1
DA:3,1
DA:4,40
DA:5,40
DA:6,40
DA:7,40
DA:8,40
DA:9,144
DA:10,144
DA:11,144
DA:12,144
DA:13,32
DA:14,32
DA:15,32
DA:16,32
DA:17,32
DA:18,32
DA:19,32
DA:20,24
DA:21,40
DA:22,40
LF:22
LH:22
BRDA:3,0,0,40
BRDA:8,1,0,144
BRDA:9,2,0,40
BRDA:9,3,0,104
BRDA:10,4,0,16
BRDA:10,5,0,88
BRDA:11,6,0,40
BRDA:11,7,0,32
BRDA:11,8,0,56
BRDA:12,9,0,32
BRDA:19,10,0,24
BRF:11
BRH:11
end_of_record
TN:
SF:src/index.js
FN:7,makeAbsolutePath
FN:9,fileExtension
FN:11,readFile
FN:17,genDiff
FNF:4
FNH:4
FNDA:16,makeAbsolutePath
FNDA:16,fileExtension
FNDA:16,readFile
FNDA:8,genDiff
DA:1,1
DA:2,1
DA:3,1
DA:4,1
DA:5,1
DA:6,1
DA:7,1
DA:8,1
DA:9,1
DA:10,1
DA:11,1
DA:12,16
DA:13,16
DA:14,16
DA:15,16
DA:16,1
DA:17,1
DA:18,8
DA:19,8
DA:20,8
DA:21,8
DA:22,8
LF:22
LH:22
BRDA:7,0,0,16
BRDA:9,1,0,16
BRDA:11,2,0,16
BRDA:17,3,0,8
BRF:4
BRH:4
end_of_record
TN:
SF:src/parsers.js
FN:4,parse
FNF:1
FNH:1
FNDA:16,parse
DA:1,1
DA:2,1
DA:3,1
DA:4,1
DA:5,16
DA:6,8
DA:7,0
DA:8,0
LF:8
LH:6
BRDA:4,0,0,16
BRDA:5,1,0,8
BRDA:5,2,0,8
BRDA:6,3,0,0
BRF:4
BRH:3
end_of_record
TN:
SF:src/formatters/index.js
FN:4,formatData
FNF:1
FNH:1
FNDA:8,formatData
DA:1,1
DA:2,1
DA:3,1
DA:4,1
DA:5,8
DA:6,8
DA:7,2
DA:8,0
DA:9,0
LF:9
LH:7
BRDA:4,0,0,8
BRDA:5,1,0,4
BRDA:6,2,0,2
BRDA:7,3,0,0
BRF:4
BRH:3
end_of_record
TN:
SF:src/formatters/plain.js
FN:4,stringify
FN:10,iter
FN:20,formatPlain
FNF:3
FNH:3
FNDA:26,stringify
FNDA:10,iter
FNDA:2,formatPlain
DA:1,1
DA:2,1
DA:3,1
DA:4,1
DA:5,26
DA:6,26
DA:7,6
DA:8,6
DA:9,1
DA:10,1
DA:11,36
DA:12,36
DA:13,36
DA:14,36
DA:15,36
DA:16,6
DA:17,0
DA:18,1
DA:19,1
DA:20,1
LF:20
LH:19
BRDA:4,0,0,26
BRDA:5,1,0,6
BRDA:5,2,0,20
BRDA:6,3,0,14
BRDA:6,4,0,6
BRDA:10,5,0,10
BRDA:10,6,0,36
BRDA:12,7,0,8
BRDA:12,8,0,28
BRDA:13,9,0,10
BRDA:13,10,0,18
BRDA:14,11,0,4
BRDA:14,12,0,14
BRDA:15,13,0,8
BRDA:15,14,0,6
BRDA:16,15,0,0
BRDA:20,16,0,2
BRF:17
BRH:16
end_of_record
TN:
SF:src/formatters/stylish.js
FN:3,indent
FN:5,stringify
FN:12,iter
FN:25,formatStylish
FNF:4
FNH:4
FNDA:168,indent
FNDA:108,stringify
FNDA:20,iter
FNDA:4,formatStylish
DA:1,1
DA:2,1
DA:3,1
DA:4,1
DA:5,1
DA:6,108
DA:7,28
DA:8,28
DA:9,28
DA:10,28
DA:11,1
DA:12,1
DA:13,72
DA:14,72
DA:15,72
DA:16,72
DA:17,16
DA:18,16
DA:19,16
DA:20,16
DA:21,12
DA:22,0
DA:23,1
DA:24,1
DA:25,1
LF:25
LH:24
BRDA:3,0,0,168
BRDA:5,1,0,108
BRDA:6,2,0,80
BRDA:6,3,0,28
BRDA:8,4,0,36
BRDA:12,5,0,20
BRDA:12,6,0,72
BRDA:13,7,0,16
BRDA:13,8,0,56
BRDA:14,9,0,8
BRDA:14,10,0,48
BRDA:15,11,0,20
BRDA:15,12,0,28
BRDA:16,13,0,16
BRDA:20,14,0,12
BRDA:21,15,0,0
BRDA:25,16,0,4
BRF:17
BRH:16
end_of_record
